<?xml version="1.0" encoding="UTF-8"?>
<!-- Generated by org.testng.reporters.JUnitXMLReporter -->
<testsuite ignored="4" hostname="DESKTOP-EDC7P16" failures="1" tests="2" name="Regression" time="0.062" errors="0" timestamp="2023-11-27T19:23:51 EST">
  <testcase classname="TestNG_Day01.IgnoringTests" name="assertTesting" time="0.026">
    <failure type="java.lang.AssertionError" message="expected [Gothem] but found [Gautam]">
      <![CDATA[java.lang.AssertionError: expected [Gothem] but found [Gautam]
at TestNG_Day01.IgnoringTests.assertTesting(IgnoringTests.java:19)
at java.base/java.util.ArrayList.forEach(ArrayList.java:1511)
... Removed 33 stack frames]]>
    </failure>
  </testcase> <!-- assertTesting -->
  <testcase classname="TestNG_Day01.BasicAnnotations" name="test3" time="0.003"/>
  <testcase classname="TestNG_Day01.AnotherExampleOfTheTest" name="test4" time="0.0">
    <ignored/>
  </testcase> <!-- test4 -->
  <testcase classname="TestNG_Day01.BasicAnnotations" name="test2" time="0.0">
    <ignored/>
  </testcase> <!-- test2 -->
  <testcase classname="TestNG_Day01.IgnoringTests" name="testPrintMessage" time="0.0">
    <ignored/>
  </testcase> <!-- testPrintMessage -->
  <testcase classname="TestNG_Day01.BasicAnnotations" name="test1" time="0.0">
    <ignored/>
  </testcase> <!-- test1 -->
</testsuite> <!-- Regression -->
